<?xml version="1.0" encoding="UTF-8"?>
<!-- This is an empty Payara domain config file for representative purposes. -->